

Started GET "/" for ::1 at 2016-02-03 16:11:03 +0800
Processing by Rails::WelcomeController#index as HTML
  Rendered /Users/twer/.rvm/gems/ruby-2.0.0-p598/gems/railties-4.2.2/lib/rails/templates/rails/welcome/index.html.erb (1.7ms)
Completed 200 OK in 17ms (Views: 8.9ms | ActiveRecord: 0.0ms)


Started GET "/welcome" for ::1 at 2016-02-03 16:17:47 +0800

ActionController::RoutingError (No route matches [GET] "/welcome"):
  web-console (2.0.0) lib/action_dispatch/debug_exceptions.rb:22:in `middleware_call'
  web-console (2.0.0) lib/action_dispatch/debug_exceptions.rb:13:in `call'
  actionpack (4.2.2) lib/action_dispatch/middleware/show_exceptions.rb:30:in `call'
  railties (4.2.2) lib/rails/rack/logger.rb:38:in `call_app'
  railties (4.2.2) lib/rails/rack/logger.rb:20:in `block in call'
  activesupport (4.2.2) lib/active_support/tagged_logging.rb:68:in `block in tagged'
  activesupport (4.2.2) lib/active_support/tagged_logging.rb:26:in `tagged'
  activesupport (4.2.2) lib/active_support/tagged_logging.rb:68:in `tagged'
  railties (4.2.2) lib/rails/rack/logger.rb:20:in `call'
  actionpack (4.2.2) lib/action_dispatch/middleware/request_id.rb:21:in `call'
  rack (1.6.4) lib/rack/methodoverride.rb:22:in `call'
  rack (1.6.4) lib/rack/runtime.rb:18:in `call'
  activesupport (4.2.2) lib/active_support/cache/strategy/local_cache_middleware.rb:28:in `call'
  rack (1.6.4) lib/rack/lock.rb:17:in `call'
  actionpack (4.2.2) lib/action_dispatch/middleware/static.rb:113:in `call'
  rack (1.6.4) lib/rack/sendfile.rb:113:in `call'
  railties (4.2.2) lib/rails/engine.rb:518:in `call'
  railties (4.2.2) lib/rails/application.rb:164:in `call'
  rack (1.6.4) lib/rack/lock.rb:17:in `call'
  rack (1.6.4) lib/rack/content_length.rb:15:in `call'
  rack (1.6.4) lib/rack/handler/webrick.rb:88:in `service'
  /Users/twer/.rvm/rubies/ruby-2.0.0-p598/lib/ruby/2.0.0/webrick/httpserver.rb:138:in `service'
  /Users/twer/.rvm/rubies/ruby-2.0.0-p598/lib/ruby/2.0.0/webrick/httpserver.rb:94:in `run'
  /Users/twer/.rvm/rubies/ruby-2.0.0-p598/lib/ruby/2.0.0/webrick/server.rb:295:in `block in start_thread'


  Rendered /Users/twer/.rvm/gems/ruby-2.0.0-p598/gems/web-console-2.0.0/lib/action_dispatch/templates/rescues/_trace.html.erb (0.9ms)
  Rendered /Users/twer/.rvm/gems/ruby-2.0.0-p598/gems/web-console-2.0.0/lib/action_dispatch/templates/routes/_route.html.erb (0.5ms)
  Rendered /Users/twer/.rvm/gems/ruby-2.0.0-p598/gems/web-console-2.0.0/lib/action_dispatch/templates/routes/_table.html.erb (38.7ms)
  Rendered /Users/twer/.rvm/gems/ruby-2.0.0-p598/gems/web-console-2.0.0/lib/action_dispatch/templates/rescues/_request_and_response.html.erb (1.7ms)
  Rendered /Users/twer/.rvm/gems/ruby-2.0.0-p598/gems/web-console-2.0.0/lib/action_dispatch/templates/rescues/_web_console.html.erb (0.8ms)
  Rendered /Users/twer/.rvm/gems/ruby-2.0.0-p598/gems/web-console-2.0.0/lib/action_dispatch/templates/rescues/routing_error.html.erb within rescues/layout (67.2ms)


Started GET "/welcome/index" for ::1 at 2016-02-03 16:18:07 +0800
Processing by WelcomeController#index as HTML
  Rendered welcome/index.html.erb within layouts/application (0.3ms)
Completed 200 OK in 787ms (Views: 786.3ms | ActiveRecord: 0.0ms)


Started GET "/assets/jquery-42fea4da63227b267ff49e07abf47db0.js?body=1" for ::1 at 2016-02-03 16:18:08 +0800


Started GET "/assets/application-b6e7370c26f7a9f6616ab96df3c125a0.css?body=1" for ::1 at 2016-02-03 16:18:08 +0800


Started GET "/assets/jquery_ujs-b8149074b53719d4a03f4f061c36ad3a.js?body=1" for ::1 at 2016-02-03 16:18:08 +0800


Started GET "/assets/turbolinks-33183efd55322ab6b69073d3603606fa.js?body=1" for ::1 at 2016-02-03 16:18:08 +0800


Started GET "/assets/welcome-97d9360cf45555e2d4b8c93b8997fd54.css?body=1" for ::1 at 2016-02-03 16:18:08 +0800


Started GET "/assets/welcome-690e1c8467a7aaa7a8ccbcbfae1de7ab.js?body=1" for ::1 at 2016-02-03 16:18:08 +0800


Started GET "/assets/application-c663b928f1ebaaea2dedcae61fc45633.js?body=1" for ::1 at 2016-02-03 16:18:08 +0800


Started GET "/" for ::1 at 2016-02-03 16:29:34 +0800
Processing by WelcomeController#index as HTML
  Rendered welcome/index.html.erb within layouts/application (0.1ms)
Completed 200 OK in 31ms (Views: 29.6ms | ActiveRecord: 0.0ms)
